<?xml version="1.0" encoding="UTF-8"?>
<!-- Generated by org.testng.reporters.JUnitReportReporter -->
<testsuite hostname="PC1" failures="0" tests="1" name="testCases.TC_001_AccountRegistrationTest" time="4.591" errors="0" timestamp="2024-05-20T13:21:29 MSK" skipped="0">
  <testcase classname="testCases.TC_001_AccountRegistrationTest" name="verify_account_registration" time="4.591"/>
</testsuite> <!-- testCases.TC_001_AccountRegistrationTest -->
