<?xml version="1.0" encoding="UTF-8"?>
<!-- Generated by org.testng.reporters.JUnitReportReporter -->
<testsuite hostname="DESKTOP-A9J9VJR" failures="0" tests="1" name="testCases.TC_002_LoginTest" time="3.112" errors="0" timestamp="2024-05-06T10:09:46 MSK" skipped="0">
  <testcase classname="testCases.TC_002_LoginTest" name="verify_login" time="3.112"/>
</testsuite> <!-- testCases.TC_002_LoginTest -->
